<?xml version="1.0" encoding="UTF-8"?>
<testng-results skipped="0" failed="1" ignored="2" total="5" passed="2">
  <reporter-output>
  </reporter-output>
  <suite name="Suite" duration-ms="79659" started-at="2022-04-18T12:11:34Z" finished-at="2022-04-18T12:12:53Z">
    <groups>
      <group name="regression">
        <method signature="Delete_Create_Org_Test.createorg()[pri:0, instance:com.pomclass.testcases.Delete_Create_Org_Test@16e7dcfd]" name="createorg" class="com.pomclass.testcases.Delete_Create_Org_Test"/>
      </group> <!-- regression -->
      <group name="integration">
        <method signature="Delete_Create_Org_Test.createorg1()[pri:0, instance:com.pomclass.testcases.Delete_Create_Org_Test@16e7dcfd]" name="createorg1" class="com.pomclass.testcases.Delete_Create_Org_Test"/>
      </group> <!-- integration -->
    </groups>
    <test name="Test" duration-ms="79659" started-at="2022-04-18T12:11:34Z" finished-at="2022-04-18T12:12:53Z">
      <class name="com.pomclass.testcases.Delete_Create_Org_Test">
        <test-method status="PASS" signature="beforeSuite()[pri:0, instance:com.pomclass.testcases.Delete_Create_Org_Test@16e7dcfd]" name="beforeSuite" is-config="true" duration-ms="12" started-at="2022-04-18T12:11:34Z" finished-at="2022-04-18T12:11:34Z">
          <reporter-output>
          </reporter-output>
        </test-method> <!-- beforeSuite -->
        <test-method status="PASS" signature="beforeClass()[pri:0, instance:com.pomclass.testcases.Delete_Create_Org_Test@16e7dcfd]" name="beforeClass" is-config="true" duration-ms="3654" started-at="2022-04-18T12:11:34Z" finished-at="2022-04-18T12:11:37Z">
          <reporter-output>
          </reporter-output>
        </test-method> <!-- beforeClass -->
        <test-method status="PASS" signature="login()[pri:0, instance:com.pomclass.testcases.Delete_Create_Org_Test@16e7dcfd]" name="login" is-config="true" duration-ms="5505" started-at="2022-04-18T12:11:37Z" finished-at="2022-04-18T12:11:43Z">
          <reporter-output>
          </reporter-output>
        </test-method> <!-- login -->
        <test-method status="PASS" signature="createorg()[pri:0, instance:com.pomclass.testcases.Delete_Create_Org_Test@16e7dcfd]" name="createorg" duration-ms="20952" started-at="2022-04-18T12:11:43Z" finished-at="2022-04-18T12:12:04Z">
          <reporter-output>
          </reporter-output>
        </test-method> <!-- createorg -->
        <test-method status="PASS" signature="logout()[pri:0, instance:com.pomclass.testcases.Delete_Create_Org_Test@16e7dcfd]" name="logout" is-config="true" duration-ms="1830" started-at="2022-04-18T12:12:04Z" finished-at="2022-04-18T12:12:06Z">
          <reporter-output>
          </reporter-output>
        </test-method> <!-- logout -->
        <test-method status="PASS" signature="login()[pri:0, instance:com.pomclass.testcases.Delete_Create_Org_Test@16e7dcfd]" name="login" is-config="true" duration-ms="3851" started-at="2022-04-18T12:12:06Z" finished-at="2022-04-18T12:12:10Z">
          <reporter-output>
          </reporter-output>
        </test-method> <!-- login -->
        <test-method status="FAIL" signature="createorg1()[pri:0, instance:com.pomclass.testcases.Delete_Create_Org_Test@16e7dcfd]" name="createorg1" duration-ms="14472" started-at="2022-04-18T12:12:10Z" finished-at="2022-04-18T12:12:24Z">
          <exception class="java.lang.AssertionError">
            <message>
              <![CDATA[expected [Dairy] but found [Electrical / Electronic Manufacturing]]]>
            </message>
            <full-stacktrace>
              <![CDATA[java.lang.AssertionError: expected [Dairy] but found [Electrical / Electronic Manufacturing]
at org.testng.Assert.fail(Assert.java:96)
at org.testng.Assert.failNotEquals(Assert.java:776)
at org.testng.Assert.assertEqualsImpl(Assert.java:137)
at org.testng.Assert.assertEquals(Assert.java:118)
at org.testng.Assert.assertEquals(Assert.java:453)
at org.testng.Assert.assertEquals(Assert.java:463)
at com.pomclass.testcases.Delete_Create_Org_Test.createorg1(Delete_Create_Org_Test.java:51)
at sun.reflect.NativeMethodAccessorImpl.invoke0(Native Method)
at sun.reflect.NativeMethodAccessorImpl.invoke(NativeMethodAccessorImpl.java:62)
at sun.reflect.DelegatingMethodAccessorImpl.invoke(DelegatingMethodAccessorImpl.java:43)
at java.lang.reflect.Method.invoke(Method.java:498)
at org.testng.internal.MethodInvocationHelper.invokeMethod(MethodInvocationHelper.java:124)
at org.testng.internal.Invoker.invokeMethod(Invoker.java:583)
at org.testng.internal.Invoker.invokeTestMethod(Invoker.java:719)
at org.testng.internal.Invoker.invokeTestMethods(Invoker.java:989)
at org.testng.internal.TestMethodWorker.invokeTestMethods(TestMethodWorker.java:125)
at org.testng.internal.TestMethodWorker.run(TestMethodWorker.java:109)
at org.testng.TestRunner.privateRun(TestRunner.java:648)
at org.testng.TestRunner.run(TestRunner.java:505)
at org.testng.SuiteRunner.runTest(SuiteRunner.java:455)
at org.testng.SuiteRunner.runSequentially(SuiteRunner.java:450)
at org.testng.SuiteRunner.privateRun(SuiteRunner.java:415)
at org.testng.SuiteRunner.run(SuiteRunner.java:364)
at org.testng.SuiteRunnerWorker.runSuite(SuiteRunnerWorker.java:52)
at org.testng.SuiteRunnerWorker.run(SuiteRunnerWorker.java:84)
at org.testng.TestNG.runSuitesSequentially(TestNG.java:1208)
at org.testng.TestNG.runSuitesLocally(TestNG.java:1137)
at org.testng.TestNG.runSuites(TestNG.java:1049)
at org.testng.TestNG.run(TestNG.java:1017)
at org.apache.maven.surefire.testng.TestNGExecutor.run(TestNGExecutor.java:324)
at org.apache.maven.surefire.testng.TestNGXmlTestSuite.execute(TestNGXmlTestSuite.java:74)
at org.apache.maven.surefire.testng.TestNGProvider.invoke(TestNGProvider.java:123)
at org.apache.maven.surefire.booter.ForkedBooter.runSuitesInProcess(ForkedBooter.java:456)
at org.apache.maven.surefire.booter.ForkedBooter.execute(ForkedBooter.java:169)
at org.apache.maven.surefire.booter.ForkedBooter.run(ForkedBooter.java:595)
at org.apache.maven.surefire.booter.ForkedBooter.main(ForkedBooter.java:581)
]]>
            </full-stacktrace>
          </exception> <!-- java.lang.AssertionError -->
          <reporter-output>
          </reporter-output>
        </test-method> <!-- createorg1 -->
        <test-method status="PASS" signature="logout()[pri:0, instance:com.pomclass.testcases.Delete_Create_Org_Test@16e7dcfd]" name="logout" is-config="true" duration-ms="2184" started-at="2022-04-18T12:12:24Z" finished-at="2022-04-18T12:12:26Z">
          <reporter-output>
          </reporter-output>
        </test-method> <!-- logout -->
        <test-method status="PASS" signature="afterSuite()[pri:0, instance:com.pomclass.testcases.Delete_Create_Org_Test@16e7dcfd]" name="afterSuite" is-config="true" duration-ms="0" started-at="2022-04-18T12:12:53Z" finished-at="2022-04-18T12:12:53Z">
          <reporter-output>
          </reporter-output>
        </test-method> <!-- afterSuite -->
      </class> <!-- com.pomclass.testcases.Delete_Create_Org_Test -->
      <class name="com.pomclass.testcases.Create_Org_Name1">
        <test-method status="PASS" signature="beforeClass()[pri:0, instance:com.pomclass.testcases.Create_Org_Name1@3d121db3]" name="beforeClass" is-config="true" duration-ms="1788" started-at="2022-04-18T12:12:26Z" finished-at="2022-04-18T12:12:28Z">
          <reporter-output>
          </reporter-output>
        </test-method> <!-- beforeClass -->
        <test-method status="PASS" signature="login()[pri:0, instance:com.pomclass.testcases.Create_Org_Name1@3d121db3]" name="login" is-config="true" duration-ms="4859" started-at="2022-04-18T12:12:28Z" finished-at="2022-04-18T12:12:33Z">
          <reporter-output>
          </reporter-output>
        </test-method> <!-- login -->
        <test-method status="PASS" signature="create_org()[pri:0, instance:com.pomclass.testcases.Create_Org_Name1@3d121db3]" name="create_org" duration-ms="18572" started-at="2022-04-18T12:12:33Z" finished-at="2022-04-18T12:12:51Z">
          <reporter-output>
          </reporter-output>
        </test-method> <!-- create_org -->
        <test-method status="PASS" signature="logout()[pri:0, instance:com.pomclass.testcases.Create_Org_Name1@3d121db3]" name="logout" is-config="true" duration-ms="1950" started-at="2022-04-18T12:12:51Z" finished-at="2022-04-18T12:12:53Z">
          <reporter-output>
          </reporter-output>
        </test-method> <!-- logout -->
      </class> <!-- com.pomclass.testcases.Create_Org_Name1 -->
    </test> <!-- Test -->
  </suite> <!-- Suite -->
</testng-results>
